2025-11-01 18:30:36 | INFO | app.main | 🚀 Starting InsightFinance API...
2025-11-01 18:30:36 | INFO | app.main | Environment: development
2025-11-01 18:30:36 | INFO | app.main | Debug mode: True
2025-11-01 18:30:36 | INFO | app.core.database | Initializing database connection...
2025-11-01 18:30:36 | INFO | sqlalchemy.engine.Engine | select pg_catalog.version()
2025-11-01 18:30:36 | INFO | sqlalchemy.engine.Engine | [raw sql] ()
2025-11-01 18:30:36 | INFO | sqlalchemy.engine.Engine | select current_schema()
2025-11-01 18:30:36 | INFO | sqlalchemy.engine.Engine | [raw sql] ()
2025-11-01 18:30:36 | INFO | sqlalchemy.engine.Engine | show standard_conforming_strings
2025-11-01 18:30:36 | INFO | sqlalchemy.engine.Engine | [raw sql] ()
2025-11-01 18:30:36 | INFO | sqlalchemy.engine.Engine | BEGIN (implicit)
2025-11-01 18:30:36 | INFO | sqlalchemy.engine.Engine | SELECT 1
2025-11-01 18:30:36 | INFO | sqlalchemy.engine.Engine | [generated in 0.00010s] ()
2025-11-01 18:30:36 | INFO | app.core.database | ✅ Database connection test successful
2025-11-01 18:30:36 | INFO | sqlalchemy.engine.Engine | COMMIT
2025-11-01 18:30:36 | INFO | sqlalchemy.engine.Engine | BEGIN (implicit)
2025-11-01 18:30:36 | INFO | sqlalchemy.engine.Engine | SELECT pg_catalog.pg_class.relname 
FROM pg_catalog.pg_class JOIN pg_catalog.pg_namespace ON pg_catalog.pg_namespace.oid = pg_catalog.pg_class.relnamespace 
WHERE pg_catalog.pg_class.relname = $1::VARCHAR AND pg_catalog.pg_class.relkind = ANY (ARRAY[$2::VARCHAR, $3::VARCHAR, $4::VARCHAR, $5::VARCHAR, $6::VARCHAR]) AND pg_catalog.pg_table_is_visible(pg_catalog.pg_class.oid) AND pg_catalog.pg_namespace.nspname != $7::VARCHAR
2025-11-01 18:30:36 | INFO | sqlalchemy.engine.Engine | [generated in 0.00016s] ('users', 'r', 'p', 'f', 'v', 'm', 'pg_catalog')
2025-11-01 18:30:36 | INFO | sqlalchemy.engine.Engine | SELECT pg_catalog.pg_class.relname 
FROM pg_catalog.pg_class JOIN pg_catalog.pg_namespace ON pg_catalog.pg_namespace.oid = pg_catalog.pg_class.relnamespace 
WHERE pg_catalog.pg_class.relname = $1::VARCHAR AND pg_catalog.pg_class.relkind = ANY (ARRAY[$2::VARCHAR, $3::VARCHAR, $4::VARCHAR, $5::VARCHAR, $6::VARCHAR]) AND pg_catalog.pg_table_is_visible(pg_catalog.pg_class.oid) AND pg_catalog.pg_namespace.nspname != $7::VARCHAR
2025-11-01 18:30:36 | INFO | sqlalchemy.engine.Engine | [cached since 0.00153s ago] ('assets', 'r', 'p', 'f', 'v', 'm', 'pg_catalog')
2025-11-01 18:30:36 | INFO | sqlalchemy.engine.Engine | SELECT pg_catalog.pg_class.relname 
FROM pg_catalog.pg_class JOIN pg_catalog.pg_namespace ON pg_catalog.pg_namespace.oid = pg_catalog.pg_class.relnamespace 
WHERE pg_catalog.pg_class.relname = $1::VARCHAR AND pg_catalog.pg_class.relkind = ANY (ARRAY[$2::VARCHAR, $3::VARCHAR, $4::VARCHAR, $5::VARCHAR, $6::VARCHAR]) AND pg_catalog.pg_table_is_visible(pg_catalog.pg_class.oid) AND pg_catalog.pg_namespace.nspname != $7::VARCHAR
2025-11-01 18:30:36 | INFO | sqlalchemy.engine.Engine | [cached since 0.001907s ago] ('signals', 'r', 'p', 'f', 'v', 'm', 'pg_catalog')
2025-11-01 18:30:36 | INFO | sqlalchemy.engine.Engine | SELECT pg_catalog.pg_class.relname 
FROM pg_catalog.pg_class JOIN pg_catalog.pg_namespace ON pg_catalog.pg_namespace.oid = pg_catalog.pg_class.relnamespace 
WHERE pg_catalog.pg_class.relname = $1::VARCHAR AND pg_catalog.pg_class.relkind = ANY (ARRAY[$2::VARCHAR, $3::VARCHAR, $4::VARCHAR, $5::VARCHAR, $6::VARCHAR]) AND pg_catalog.pg_table_is_visible(pg_catalog.pg_class.oid) AND pg_catalog.pg_namespace.nspname != $7::VARCHAR
2025-11-01 18:30:36 | INFO | sqlalchemy.engine.Engine | [cached since 0.002223s ago] ('portfolios', 'r', 'p', 'f', 'v', 'm', 'pg_catalog')
2025-11-01 18:30:36 | INFO | sqlalchemy.engine.Engine | SELECT pg_catalog.pg_class.relname 
FROM pg_catalog.pg_class JOIN pg_catalog.pg_namespace ON pg_catalog.pg_namespace.oid = pg_catalog.pg_class.relnamespace 
WHERE pg_catalog.pg_class.relname = $1::VARCHAR AND pg_catalog.pg_class.relkind = ANY (ARRAY[$2::VARCHAR, $3::VARCHAR, $4::VARCHAR, $5::VARCHAR, $6::VARCHAR]) AND pg_catalog.pg_table_is_visible(pg_catalog.pg_class.oid) AND pg_catalog.pg_namespace.nspname != $7::VARCHAR
2025-11-01 18:30:36 | INFO | sqlalchemy.engine.Engine | [cached since 0.002543s ago] ('portfolio_positions', 'r', 'p', 'f', 'v', 'm', 'pg_catalog')
2025-11-01 18:30:36 | INFO | app.core.database | ✅ Database tables created/verified
2025-11-01 18:30:36 | INFO | sqlalchemy.engine.Engine | COMMIT
2025-11-01 18:30:36 | INFO | app.main | ✅ Database connection established
2025-11-01 18:30:36 | INFO | sqlalchemy.engine.Engine | BEGIN (implicit)
2025-11-01 18:30:36 | INFO | sqlalchemy.engine.Engine | SELECT 1
2025-11-01 18:30:36 | INFO | sqlalchemy.engine.Engine | [cached since 0.006891s ago] ()
2025-11-01 18:30:36 | INFO | sqlalchemy.engine.Engine | ROLLBACK
2025-11-01 18:30:36 | INFO | app.main | ✅ Database health check passed
2025-11-01 18:30:36 | INFO | app.core.cache | Initializing Redis cache...
2025-11-01 18:30:36 | INFO | app.core.cache | ✅ Redis connection test successful
2025-11-01 18:30:36 | INFO | app.core.cache | ✅ Cache manager initialized
2025-11-01 18:30:36 | INFO | app.main | ✅ Redis cache initialized
2025-11-01 18:30:36 | INFO | app.main | ✅ Cache health check passed
2025-11-01 18:30:36 | INFO | app.main | 📋 Configuration Summary:
2025-11-01 18:30:36 | INFO | app.main |    - Database: localhost:5432/insightfinance
2025-11-01 18:30:36 | INFO | app.main |    - Redis: redis://localhost:6379
2025-11-01 18:30:36 | INFO | app.main |    - CORS Origins: 1 configured
2025-11-01 18:30:36 | INFO | app.main |    - Log Level: INFO
2025-11-01 18:30:36 | INFO | app.main | 🎉 InsightFinance API is ready!
2025-11-01 18:30:36 | INFO | app.main | 📚 API Documentation: http://localhost:8000/docs
2025-11-01 18:30:36 | INFO | app.main | 📖 ReDoc Documentation: http://localhost:8000/redoc
2025-11-01 18:31:16 | INFO | app.main | 🛑 Shutting down InsightFinance API...
2025-11-01 18:31:16 | INFO | app.core.database | Closing database connections...
2025-11-01 18:31:16 | INFO | app.core.database | ✅ Database connections closed
2025-11-01 18:31:16 | INFO | app.main | ✅ Database connections closed
2025-11-01 18:31:16 | INFO | app.core.cache | Closing Redis connections...
2025-11-01 18:31:16 | INFO | app.core.cache | ✅ Redis connections closed
2025-11-01 18:31:16 | INFO | app.main | ✅ Cache connections closed
2025-11-01 18:31:16 | INFO | app.main | ✅ Cleanup completed successfully
